<?xml version="1.0" encoding="UTF-8" ?>
<testsuite tests="1" failures="1" name="features.HelloTest" time="1.884" errors="0" skipped="0">
  <properties>
    <property name="idea.version" value="2022.2.3"/>
    <property name="java.runtime.name" value="Java(TM) SE Runtime Environment"/>
    <property name="sun.boot.library.path" value="D:\Program Files\Java\jdk1.8.0_172\jre\bin"/>
    <property name="java.vm.version" value="25.172-b11"/>
    <property name="java.vm.vendor" value="Oracle Corporation"/>
    <property name="maven.multiModuleProjectDirectory" value="F:\CodingRepository\LandscapeTran"/>
    <property name="java.vendor.url" value="http://java.oracle.com/"/>
    <property name="path.separator" value=";"/>
    <property name="guice.disable.misplaced.annotation.check" value="true"/>
    <property name="java.vm.name" value="Java HotSpot(TM) 64-Bit Server VM"/>
    <property name="file.encoding.pkg" value="sun.io"/>
    <property name="user.script" value=""/>
    <property name="user.country" value="CN"/>
    <property name="sun.java.launcher" value="SUN_STANDARD"/>
    <property name="sun.os.patch.level" value=""/>
    <property name="java.vm.specification.name" value="Java Virtual Machine Specification"/>
    <property name="user.dir" value="F:\CodingRepository\LandscapeTran"/>
    <property name="java.runtime.version" value="1.8.0_172-b11"/>
    <property name="java.awt.graphicsenv" value="sun.awt.Win32GraphicsEnvironment"/>
    <property name="java.endorsed.dirs" value="D:\Program Files\Java\jdk1.8.0_172\jre\lib\endorsed"/>
    <property name="os.arch" value="amd64"/>
    <property name="java.io.tmpdir" value="C:\Users\guyih\AppData\Local\Temp\"/>
    <property name="line.separator" value="
"/>
    <property name="java.vm.specification.vendor" value="Oracle Corporation"/>
    <property name="user.variant" value=""/>
    <property name="os.name" value="Windows 10"/>
    <property name="maven.ext.class.path" value="D:\Program Files\JetBrains\IntelliJ IDEA 2021.2.3\plugins\maven\lib\maven-event-listener.jar"/>
    <property name="classworlds.conf" value="D:\Program Files\JetBrains\IntelliJ IDEA 2021.2.3\plugins\maven\lib\maven3\bin\m2.conf"/>
    <property name="sun.jnu.encoding" value="GBK"/>
    <property name="java.library.path" value="D:\Program Files\Java\jdk1.8.0_172\bin;C:\Windows\Sun\Java\bin;C:\Windows\system32;C:\Windows;C:\Windows\system32;C:\Windows;C:\Windows\System32\Wbem;C:\Windows\System32\WindowsPowerShell\v1.0\;C:\Windows\System32\OpenSSH\;C:\Program Files\NVIDIA Corporation\NVIDIA NvDLISR;C:\Program Files (x86)\NVIDIA Corporation\PhysX\Common;C:\Program Files\dotnet\;D:\Program Files (x86)\VMware\VMware Workstation\bin\;D:\Program Files\Python\Python39\Scripts\;D:\Program Files\Python\Python39\;D:\mingw64\bin;D:\Program Files\Git\bin;D:\Program Files\LLVM\bin;F:\BrowserDriver;D:\Program Files\Java\jdk1.8.0_172\bin;D:\Program Files\Java\jdk1.8.0_172\jre\bin;D:\Program Files\MySQL\MySQL Server 8.0\bin;D:\Program Files\nodejs;D:\Program Files\Redis;D:\Program Files (x86)\Vim\vim90;C:\Program Files\NVIDIA Corporation\NVIDIA NvDLISR;D:\实验软件\common;D:\Program Files (x86)\Vim\vim90;C:\Users\guyih\AppData\Local\Microsoft\WindowsApps;C:\Users\guyih\AppData\Local\Programs\Microsoft VS Code\bin;D:\Program Files (x86)\Microsoft VS Code\bin;D:\Program Files\JetBrains\PyCharm 2022.1.2\bin;D:\实验软件\Rose\common;C:\Users\guyih\AppData\Local\Microsoft\WindowsApps;C:\Users\guyih\.dotnet\tools;D:\Program Files\Microsoft VS Code\bin;."/>
    <property name="maven.conf" value="D:\Program Files\JetBrains\IntelliJ IDEA 2021.2.3\plugins\maven\lib\maven3/conf"/>
    <property name="java.specification.name" value="Java Platform API Specification"/>
    <property name="java.class.version" value="52.0"/>
    <property name="sun.management.compiler" value="HotSpot 64-Bit Tiered Compilers"/>
    <property name="os.version" value="10.0"/>
    <property name="user.home" value="C:\Users\guyih"/>
    <property name="user.timezone" value="Asia/Shanghai"/>
    <property name="java.awt.printerjob" value="sun.awt.windows.WPrinterJob"/>
    <property name="java.specification.version" value="1.8"/>
    <property name="file.encoding" value="UTF-8"/>
    <property name="user.name" value="guyih"/>
    <property name="java.class.path" value="D:\Program Files\JetBrains\IntelliJ IDEA 2021.2.3\plugins\maven\lib\maven3\boot\plexus-classworlds-2.6.0.jar;D:\Program Files\JetBrains\IntelliJ IDEA 2021.2.3\plugins\maven\lib\maven3\boot\plexus-classworlds.license;D:\Program Files\JetBrains\IntelliJ IDEA 2021.2.3\lib\idea_rt.jar"/>
    <property name="java.vm.specification.version" value="1.8"/>
    <property name="sun.arch.data.model" value="64"/>
    <property name="java.home" value="D:\Program Files\Java\jdk1.8.0_172\jre"/>
    <property name="sun.java.command" value="org.codehaus.classworlds.Launcher -Didea.version=2022.2.3 install"/>
    <property name="java.specification.vendor" value="Oracle Corporation"/>
    <property name="user.language" value="zh"/>
    <property name="awt.toolkit" value="sun.awt.windows.WToolkit"/>
    <property name="java.vm.info" value="mixed mode"/>
    <property name="java.version" value="1.8.0_172"/>
    <property name="java.ext.dirs" value="D:\Program Files\Java\jdk1.8.0_172\jre\lib\ext;C:\Windows\Sun\Java\lib\ext"/>
    <property name="sun.boot.class.path" value="D:\Program Files\Java\jdk1.8.0_172\jre\lib\resources.jar;D:\Program Files\Java\jdk1.8.0_172\jre\lib\rt.jar;D:\Program Files\Java\jdk1.8.0_172\jre\lib\sunrsasign.jar;D:\Program Files\Java\jdk1.8.0_172\jre\lib\jsse.jar;D:\Program Files\Java\jdk1.8.0_172\jre\lib\jce.jar;D:\Program Files\Java\jdk1.8.0_172\jre\lib\charsets.jar;D:\Program Files\Java\jdk1.8.0_172\jre\lib\jfr.jar;D:\Program Files\Java\jdk1.8.0_172\jre\classes"/>
    <property name="java.vendor" value="Oracle Corporation"/>
    <property name="maven.home" value="D:\Program Files\JetBrains\IntelliJ IDEA 2021.2.3\plugins\maven\lib\maven3"/>
    <property name="file.separator" value="\"/>
    <property name="java.vendor.url.bug" value="http://bugreport.sun.com/bugreport/"/>
    <property name="sun.cpu.endian" value="little"/>
    <property name="sun.io.unicode.encoding" value="UnicodeLittle"/>
    <property name="sun.desktop" value="windows"/>
    <property name="sun.cpu.isalist" value="amd64"/>
  </properties>
  <testcase classname="features.HelloTest" name="hello" time="1.884">
    <failure type="java.lang.AssertionError">java.lang.AssertionError
	at features.HelloTest.hello(HelloTest.java:18)
	at sun.reflect.NativeMethodAccessorImpl.invoke0(Native Method)
	at sun.reflect.NativeMethodAccessorImpl.invoke(NativeMethodAccessorImpl.java:62)
	at sun.reflect.DelegatingMethodAccessorImpl.invoke(DelegatingMethodAccessorImpl.java:43)
	at java.lang.reflect.Method.invoke(Method.java:498)
	at org.noear.solon.core.wrap.MethodWrap.invoke(MethodWrap.java:197)
	at org.noear.solon.core.wrap.MethodWrap.doIntercept(MethodWrap.java:189)
	at org.noear.solon.core.aspect.InterceptorEntity.doIntercept(InterceptorEntity.java:34)
	at org.noear.solon.core.aspect.Invocation.invoke(Invocation.java:78)
	at org.noear.solon.core.wrap.MethodWrap.invokeByAspect(MethodWrap.java:213)
	at org.noear.solon.proxy.BeanInvocationHandler.invoke(BeanInvocationHandler.java:65)
	at features.HelloTest$$SolonAsmProxy.invokeInvocationHandler(Unknown Source)
	at features.HelloTest$$SolonAsmProxy.hello(Unknown Source)
	at sun.reflect.NativeMethodAccessorImpl.invoke0(Native Method)
	at sun.reflect.NativeMethodAccessorImpl.invoke(NativeMethodAccessorImpl.java:62)
	at sun.reflect.DelegatingMethodAccessorImpl.invoke(DelegatingMethodAccessorImpl.java:43)
	at java.lang.reflect.Method.invoke(Method.java:498)
	at org.junit.runners.model.FrameworkMethod$1.runReflectiveCall(FrameworkMethod.java:59)
	at org.junit.internal.runners.model.ReflectiveCallable.run(ReflectiveCallable.java:12)
	at org.junit.runners.model.FrameworkMethod.invokeExplosively(FrameworkMethod.java:56)
	at org.junit.internal.runners.statements.InvokeMethod.evaluate(InvokeMethod.java:17)
	at org.junit.runners.ParentRunner$3.evaluate(ParentRunner.java:306)
	at org.junit.runners.BlockJUnit4ClassRunner$1.evaluate(BlockJUnit4ClassRunner.java:100)
	at org.junit.runners.ParentRunner.runLeaf(ParentRunner.java:366)
	at org.junit.runners.BlockJUnit4ClassRunner.runChild(BlockJUnit4ClassRunner.java:103)
	at org.junit.runners.BlockJUnit4ClassRunner.runChild(BlockJUnit4ClassRunner.java:63)
	at org.junit.runners.ParentRunner$4.run(ParentRunner.java:331)
	at org.junit.runners.ParentRunner$1.schedule(ParentRunner.java:79)
	at org.junit.runners.ParentRunner.runChildren(ParentRunner.java:329)
	at org.junit.runners.ParentRunner.access$100(ParentRunner.java:66)
	at org.junit.runners.ParentRunner$2.evaluate(ParentRunner.java:293)
	at org.junit.runners.ParentRunner$3.evaluate(ParentRunner.java:306)
	at org.junit.runners.ParentRunner.run(ParentRunner.java:413)
	at org.apache.maven.surefire.junit4.JUnit4Provider.execute(JUnit4Provider.java:252)
	at org.apache.maven.surefire.junit4.JUnit4Provider.executeTestSet(JUnit4Provider.java:141)
	at org.apache.maven.surefire.junit4.JUnit4Provider.invoke(JUnit4Provider.java:112)
	at sun.reflect.NativeMethodAccessorImpl.invoke0(Native Method)
	at sun.reflect.NativeMethodAccessorImpl.invoke(NativeMethodAccessorImpl.java:62)
	at sun.reflect.DelegatingMethodAccessorImpl.invoke(DelegatingMethodAccessorImpl.java:43)
	at java.lang.reflect.Method.invoke(Method.java:498)
	at org.apache.maven.surefire.util.ReflectionUtils.invokeMethodWithArray(ReflectionUtils.java:189)
	at org.apache.maven.surefire.booter.ProviderFactory$ProviderProxy.invoke(ProviderFactory.java:165)
	at org.apache.maven.surefire.booter.ProviderFactory.invokeProvider(ProviderFactory.java:85)
	at org.apache.maven.surefire.booter.ForkedBooter.runSuitesInProcess(ForkedBooter.java:115)
	at org.apache.maven.surefire.booter.ForkedBooter.main(ForkedBooter.java:75)
</failure>
    <system-out>[Solon] App: Start loading
[Solon] jar:file:/C:/Users/guyih/.m2/repository/org/noear/solon.data/2.2.6/solon.data-2.2.6.jar!/META-INF/solon/solon.data.properties
[Solon] jar:file:/C:/Users/guyih/.m2/repository/org/noear/solon.proxy/2.2.6/solon.proxy-2.2.6.jar!/META-INF/solon/solon.proxy.properties
[Solon] jar:file:/C:/Users/guyih/.m2/repository/org/noear/solon.validation/2.2.6/solon.validation-2.2.6.jar!/META-INF/solon/solon.validation.properties
[Solon] jar:file:/C:/Users/guyih/.m2/repository/org/noear/solon.serialization.snack3/2.2.6/solon.serialization.snack3-2.2.6.jar!/META-INF/solon/solon.serialization.snack3.properties
[Solon] jar:file:/C:/Users/guyih/.m2/repository/org/noear/solon.boot.jlhttp/2.2.6/solon.boot.jlhttp-2.2.6.jar!/META-INF/solon/solon.boot.jlhttp.properties
[Solon] jar:file:/C:/Users/guyih/.m2/repository/org/noear/solon.web.staticfiles/2.2.6/solon.web.staticfiles-2.2.6.jar!/META-INF/solon/solon.web.staticfiles.properties
[Solon] App: Plugin starting
[Solon] App: Bean scanning
[Solon] View: mapping: @json=StringSerializerRender#SnackSerializer
[Solon] View: mapping: @type_json=StringSerializerRender#SnackSerializer
[Solon] Server:main: JlHttpServer 2.6(jlhttp)
[Solon] Connector:main: jlhttp: Started ServerConnector@{HTTP/1.1,[http/1.1]}{http://localhost:8888}
[Solon] Server:main: jlhttp: Started @6ms
[Solon] App: End loading elapsed=228ms pid=804 v=2.2.6
[Solon] proxy class:features.HelloTest$$SolonAsmProxy
http://localhost:8888/hello?name=world:: 
</system-out>
  </testcase>
</testsuite>